<?xml version="1.0" encoding="UTF-8"?>
<!-- Generated by org.testng.reporters.JUnitReportReporter -->
<testsuite hostname="DESKTOP-3LAS9CR" failures="0" tests="1" name="pack1.PatchRequest" time="1.324" errors="0" timestamp="29 Aug 2018 23:31:52 GMT" skipped="0">
  <testcase classname="pack1.PatchRequest" name="ModifyData" time="1.324"/>
</testsuite> <!-- pack1.PatchRequest -->
