<?xml version="1.0" encoding="UTF-8"?>
<!-- Generated by org.testng.reporters.JUnitReportReporter -->
<testsuite hostname="DESKTOP-3LAS9CR" failures="0" tests="1" name="GoogleMap.ExtractJsonFromResponse" time="1.625" errors="0" timestamp="09 Oct 2018 00:38:24 GMT" skipped="0">
  <testcase classname="GoogleMap.ExtractJsonFromResponse" name="ExtarctJson" time="1.625"/>
</testsuite> <!-- GoogleMap.ExtractJsonFromResponse -->
