<?xml version="1.0" encoding="UTF-8"?>
<!-- Generated by org.testng.reporters.JUnitReportReporter -->
<testsuite hostname="DESKTOP-3LAS9CR" failures="0" tests="1" name="pack1.PutRequest" time="1.398" errors="0" timestamp="29 Aug 2018 23:42:11 GMT" skipped="0">
  <testcase classname="pack1.PutRequest" name="ReplaceData" time="1.398"/>
</testsuite> <!-- pack1.PutRequest -->
