<?xml version="1.0" encoding="UTF-8"?>
<!-- Generated by org.testng.reporters.JUnitReportReporter -->
<testsuite hostname="DESKTOP-3LAS9CR" failures="0" tests="1" name="pack1.PostRequest" time="1.654" errors="0" timestamp="29 Aug 2018 23:34:00 GMT" skipped="0">
  <testcase classname="pack1.PostRequest" name="AddNewData" time="1.654"/>
</testsuite> <!-- pack1.PostRequest -->
