<?xml version="1.0" encoding="UTF-8"?>
<!-- Generated by org.testng.reporters.JUnitReportReporter -->
<testsuite hostname="DESKTOP-3LAS9CR" failures="0" tests="1" name="pack2.JsonPathUsage" time="2.403" errors="0" timestamp="15 Feb 2019 01:05:49 GMT" skipped="0">
  <testcase classname="pack2.JsonPathUsage" name="JsonPathUsageTest" time="2.403"/>
</testsuite> <!-- pack2.JsonPathUsage -->
