<?xml version="1.0" encoding="UTF-8"?>
<!-- Generated by org.testng.reporters.JUnitReportReporter -->
<testsuite hostname="DESKTOP-3LAS9CR" failures="0" tests="1" name="pack1.DeleteRequest" time="1.248" errors="0" timestamp="29 Aug 2018 23:47:47 GMT" skipped="0">
  <testcase classname="pack1.DeleteRequest" name="DeleteData" time="1.248"/>
</testsuite> <!-- pack1.DeleteRequest -->
