<?xml version="1.0" encoding="UTF-8"?>
<!-- Generated by org.testng.reporters.JUnitReportReporter -->
<testsuite hostname="DESKTOP-3LAS9CR" failures="0" tests="3" name="pack1.GetData" time="2.639" errors="0" timestamp="15 Feb 2019 02:43:44 GMT" skipped="0">
  <testcase classname="pack1.GetData" name="Deserialization" time="2.510"/>
  <testcase classname="pack1.GetData" name="GetRequest" time="0.069"/>
  <testcase classname="pack1.GetData" name="ResponseCode" time="0.060"/>
</testsuite> <!-- pack1.GetData -->
