<?xml version="1.0" encoding="UTF-8"?>
<!-- Generated by org.testng.reporters.JUnitReportReporter -->
<testsuite hostname="DESKTOP-3LAS9CR" failures="0" tests="1" name="Ergast.JsonPathUseges" time="2.034" errors="0" timestamp="21 Feb 2019 02:05:02 GMT" skipped="0">
  <testcase classname="Ergast.JsonPathUseges" name="JsonPathUsegesTest" time="2.034"/>
</testsuite> <!-- Ergast.JsonPathUseges -->
